<?xml version="1.0" encoding="UTF-8"?>
<!-- Generated by org.testng.reporters.JUnitReportReporter -->
<testsuite hostname="Yokesh" failures="0" tests="1" name="com.Swiggy.TestSteps.TestRunner" time="131.169" errors="0" timestamp="2023-08-01T11:58:52 IST" skipped="0">
  <testcase classname="com.Swiggy.TestSteps.TestRunner" name="runScenario" time="131.169"/>
  <system-out/>
</testsuite> <!-- com.Swiggy.TestSteps.TestRunner -->
