<?xml version="1.0" encoding="UTF-8"?>
<!-- Generated by org.testng.reporters.JUnitReportReporter -->
<testsuite hostname="Yokesh" failures="0" tests="3" name="restAssured.All_Request" time="5.984" errors="0" timestamp="2023-08-24T12:32:00 IST" skipped="0">
  <testcase classname="restAssured.All_Request" name="getProducts" time="4.860"/>
  <system-out/>
  <testcase classname="restAssured.All_Request" name="getUsers" time="0.068"/>
  <system-out/>
  <testcase classname="restAssured.All_Request" name="addProduct" time="1.056"/>
  <system-out/>
</testsuite> <!-- restAssured.All_Request -->
